->Created output file: C:\Users\fabian.medina\OneDrive - Coordinador Eléctrico Nacional\Escritorio\CEN_Fabian\Codigos\Fabi_Casa_CEN\Base2030\2024.11.08 1022 SEN 2030 Sur_BVG_pj\2024.11.08 1022 SEN 2030 Sur_BVG.out
->Created output file: C:\Users\fabian.medina\OneDrive - Coordinador Eléctrico Nacional\Escritorio\CEN_Fabian\Codigos\Fabi_Casa_CEN\Base2030\2024.11.08 1022 SEN 2030 Sur_BVG_pj\2024.11.08 1022 SEN 2030 Sur_BVG.html
->START Reading input data
Circuit Diagram: Circuit.Diagram=2024.11.08 1022 SEN 2030 Sur_BVG.ecf
Circuit date: 14/11/2024 11:30:06
->END Reading input data
->EMTP version 4.4 started
->Simulation date: 24/11/14
->Simulation time: 15:44:51.036
Input Netlist file, EMTP format: C:\Users\fabian.medina\OneDrive - Coordinador Eléctrico Nacional\Escritorio\CEN_Fabian\Codigos\Fabi_Casa_CEN\Base2030\2024.11.08 1022 SEN 2030 Sur_BVG.net
->Number of data lines: 73001
->Start Load-Flow
Current subcircuit chain:
PE_Aurora/PQinit/                                                                                                                                                                                                                                                                                                                                                                                                         
!!Error, device: PE_Aurora/PQinit/LF
The device is causing convergence problems in the load-flow solution.
!!Error, the Load-Flow solution method did not converge. 
The problematic iterative loop number is loop 1 and the maximum number of iterations was 50
Possible solutions: consult the documentation of the Load-Flow option.

!!Critical error, must stop
